[debug] [2022-09-12T13:37:27.162Z] ----------------------------------------------------------------------
[debug] [2022-09-12T13:37:27.163Z] Command:       /usr/local/bin/node /usr/local/bin/firebase login
[debug] [2022-09-12T13:37:27.164Z] CLI Version:   11.8.1
[debug] [2022-09-12T13:37:27.164Z] Platform:      darwin
[debug] [2022-09-12T13:37:27.164Z] Node Version:  v16.15.0
[debug] [2022-09-12T13:37:27.165Z] Time:          Mon Sep 12 2022 14:37:27 GMT+0100 (Central European Standard Time)
[debug] [2022-09-12T13:37:27.165Z] ----------------------------------------------------------------------
[debug] 
[debug] [2022-09-12T13:37:27.167Z] >>> [apiv2][query] GET https://firebase-public.firebaseio.com/cli.json [none]
[info] i  Firebase optionally collects CLI and Emulator Suite usage and error reporting information to help improve our products. Data is collected in accordance with Google's privacy policy (https://policies.google.com/privacy) and is not used to identify you.
 
[debug] [2022-09-12T13:37:28.012Z] <<< [apiv2][status] GET https://firebase-public.firebaseio.com/cli.json 200
[debug] [2022-09-12T13:37:28.013Z] <<< [apiv2][body] GET https://firebase-public.firebaseio.com/cli.json {"cloudBuildErrorAfter":1594252800000,"cloudBuildWarnAfter":1590019200000,"defaultNode10After":1594252800000,"minVersion":"3.0.5","node8DeploysDisabledAfter":1613390400000,"node8RuntimeDisabledAfter":1615809600000,"node8WarnAfter":1600128000000}
[info] 
[info] Visit this URL on this device to log in:
[info] https://accounts.google.com/o/oauth2/auth?client_id=563584335869-fgrhgmd47bqnekij5i8b5pr03ho849e6.apps.googleusercontent.com&scope=email%20openid%20https%3A%2F%2Fwww.googleapis.com%2Fauth%2Fcloudplatformprojects.readonly%20https%3A%2F%2Fwww.googleapis.com%2Fauth%2Ffirebase%20https%3A%2F%2Fwww.googleapis.com%2Fauth%2Fcloud-platform&response_type=code&state=46349123&redirect_uri=http%3A%2F%2Flocalhost%3A9005
[info] 
[info] Waiting for authentication...
[debug] [2022-09-12T13:39:45.974Z] ----------------------------------------------------------------------
[debug] [2022-09-12T13:39:45.976Z] Command:       /usr/local/bin/node /usr/local/bin/firebase login
[debug] [2022-09-12T13:39:45.976Z] CLI Version:   11.8.1
[debug] [2022-09-12T13:39:45.976Z] Platform:      darwin
[debug] [2022-09-12T13:39:45.976Z] Node Version:  v16.15.0
[debug] [2022-09-12T13:39:45.977Z] Time:          Mon Sep 12 2022 14:39:45 GMT+0100 (Central European Standard Time)
[debug] [2022-09-12T13:39:45.977Z] ----------------------------------------------------------------------
[debug] 
[info] i  Firebase optionally collects CLI and Emulator Suite usage and error reporting information to help improve our products. Data is collected in accordance with Google's privacy policy (https://policies.google.com/privacy) and is not used to identify you.
 
[info] i  To change your data collection preference at any time, run `firebase logout` and log in again. 
[info] 
[info] Visit this URL on this device to log in:
[info] https://accounts.google.com/o/oauth2/auth?client_id=563584335869-fgrhgmd47bqnekij5i8b5pr03ho849e6.apps.googleusercontent.com&scope=email%20openid%20https%3A%2F%2Fwww.googleapis.com%2Fauth%2Fcloudplatformprojects.readonly%20https%3A%2F%2Fwww.googleapis.com%2Fauth%2Ffirebase%20https%3A%2F%2Fwww.googleapis.com%2Fauth%2Fcloud-platform&response_type=code&state=1048425520&redirect_uri=http%3A%2F%2Flocalhost%3A9005
[info] 
[info] Waiting for authentication...
